2025-08-05 10:55:35,206 - INFO - Starting bot...
2025-08-05 10:55:38,353 - INFO - Bot is ready.
2025-08-05 10:55:38,354 - INFO - Starting DP Ticket Automation - By Setiyo Aryo
2025-08-05 10:55:38,382 - INFO - Master data loaded successfully. Found 4540 entries.
2025-08-05 10:55:38,382 - INFO - Daily work list ready. Found 3 tickets.
2025-08-05 10:55:38,383 - INFO - Login attempt 1...
2025-08-05 10:56:18,406 - INFO - Login successful!
2025-08-05 10:56:18,406 - INFO - Navigating to ticket creation page...
2025-08-05 10:56:27,388 - INFO - On DP page.
2025-08-05 10:56:27,399 - INFO - Processing 3 tickets...
2025-08-05 10:56:27,400 - INFO - [1/3] Processing: JRS010802
2025-08-05 10:57:22,610 - INFO - Waiting for ticket creation API response...
2025-08-05 10:57:46,300 - INFO - API response received in 23.69 seconds.
2025-08-05 10:57:46,300 - INFO - Success message: Ticket Assignment and Work Order Successfuly Created. <br> Work Order ID 90780844
2025-08-05 10:57:46,300 - INFO - SUCCESS: JRS010802
2025-08-05 10:57:47,302 - INFO - [2/3] Processing: JRS010803
2025-08-05 10:58:44,724 - INFO - Waiting for ticket creation API response...
2025-08-05 11:00:03,529 - INFO - API response received in 78.80 seconds.
2025-08-05 11:00:03,529 - ERROR - API responded with an error code: {'code': '-5001', 'message': 'Internal Server Error', 'status': 'Failed'}
2025-08-05 11:00:03,529 - WARNING - Attempt 1 failed, retrying...
2025-08-05 11:00:10,248 - INFO - Navigating to ticket creation page...
2025-08-05 11:00:17,639 - INFO - On DP page.
2025-08-05 11:01:14,981 - INFO - Waiting for ticket creation API response...
2025-08-05 11:01:44,994 - INFO - API response received in 30.01 seconds.
2025-08-05 11:01:44,994 - INFO - Success message: Ticket Assignment and Work Order Successfuly Created. <br> Work Order ID 90780867
2025-08-05 11:01:44,994 - INFO - SUCCESS: JRS010803
2025-08-05 11:01:45,996 - INFO - [3/3] Processing: JRS010804
2025-08-05 11:01:48,340 - INFO - Interrupt signal received, cleaning up...
2025-08-05 11:01:48,343 - WARNING - Retrying (Retry(total=2, connect=None, read=None, redirect=None, status=None)) after connection broken by 'NewConnectionError('<urllib3.connection.HTTPConnection object at 0x7f427086a4d0>: Failed to establish a new connection: [Errno 111] Connection refused')': /session/67567268a84cc3c461ce6fc2974c4685
2025-08-05 11:01:48,344 - WARNING - Retrying (Retry(total=1, connect=None, read=None, redirect=None, status=None)) after connection broken by 'NewConnectionError('<urllib3.connection.HTTPConnection object at 0x7f427086a8f0>: Failed to establish a new connection: [Errno 111] Connection refused')': /session/67567268a84cc3c461ce6fc2974c4685
2025-08-05 11:01:48,347 - WARNING - Retrying (Retry(total=0, connect=None, read=None, redirect=None, status=None)) after connection broken by 'NewConnectionError('<urllib3.connection.HTTPConnection object at 0x7f4270869ff0>: Failed to establish a new connection: [Errno 111] Connection refused')': /session/67567268a84cc3c461ce6fc2974c4685
